mkdir: cannot create directory ‘../data/Ankyrin_repeat_protein’: File exists
mkdir: cannot create directory ‘../data/Ankyrin_repeat_protein/pdb_files’: File exists
mkdir: cannot create directory ‘../data/Ankyrin_repeat_protein/metadata_files’: File exists
Failed to download 7WDB: 404 Client Error: Not Found for url: https://files.rcsb.org/download/7WDB.pdb
Failed to download 9FXM: 404 Client Error: Not Found for url: https://files.rcsb.org/download/9FXM.pdb
Failed to download 9FXL: 404 Client Error: Not Found for url: https://files.rcsb.org/download/9FXL.pdb
Failed to download 9HH7: 404 Client Error: Not Found for url: https://files.rcsb.org/download/9HH7.pdb
Failed to download 9HHD: 404 Client Error: Not Found for url: https://files.rcsb.org/download/9HHD.pdb
Failed to download 9HGF: 404 Client Error: Not Found for url: https://files.rcsb.org/download/9HGF.pdb
Failed to download 9HH8: 404 Client Error: Not Found for url: https://files.rcsb.org/download/9HH8.pdb
Failed to download 9HHA: 404 Client Error: Not Found for url: https://files.rcsb.org/download/9HHA.pdb
Failed to download 9HHB: 404 Client Error: Not Found for url: https://files.rcsb.org/download/9HHB.pdb
Failed to download 8ATJ: 404 Client Error: Not Found for url: https://files.rcsb.org/download/8ATJ.pdb
Failed to download 8YCP: 404 Client Error: Not Found for url: https://files.rcsb.org/download/8YCP.pdb
Failed to download 9JE5: 404 Client Error: Not Found for url: https://files.rcsb.org/download/9JE5.pdb
Failed to download 9JEF: 404 Client Error: Not Found for url: https://files.rcsb.org/download/9JEF.pdb
Failed to download 9JEG: 404 Client Error: Not Found for url: https://files.rcsb.org/download/9JEG.pdb
Failed to download 8CSL: 404 Client Error: Not Found for url: https://files.rcsb.org/download/8CSL.pdb
Failed to download 8IMB: 404 Client Error: Not Found for url: https://files.rcsb.org/download/8IMB.pdb
Failed to download 8CS9: 404 Client Error: Not Found for url: https://files.rcsb.org/download/8CS9.pdb
Failed to download 8S1R: 404 Client Error: Not Found for url: https://files.rcsb.org/download/8S1R.pdb
Failed to download 7V0K: 404 Client Error: Not Found for url: https://files.rcsb.org/download/7V0K.pdb
Failed to download 9GL6: 404 Client Error: Not Found for url: https://files.rcsb.org/download/9GL6.pdb
Failed to download 9G4Y: 404 Client Error: Not Found for url: https://files.rcsb.org/download/9G4Y.pdb
Failed to download 7O6X: 404 Client Error: Not Found for url: https://files.rcsb.org/download/7O6X.pdb
Failed to download 8S4V: 404 Client Error: Not Found for url: https://files.rcsb.org/download/8S4V.pdb
Failed to download 8S4W: 404 Client Error: Not Found for url: https://files.rcsb.org/download/8S4W.pdb
Failed to download 8S4X: 404 Client Error: Not Found for url: https://files.rcsb.org/download/8S4X.pdb
Failed to download 9GKB: 404 Client Error: Not Found for url: https://files.rcsb.org/download/9GKB.pdb
Failed to download 9M36: 404 Client Error: Not Found for url: https://files.rcsb.org/download/9M36.pdb
Failed to download 9M4W: 404 Client Error: Not Found for url: https://files.rcsb.org/download/9M4W.pdb
Failed to download 9M5V: 404 Client Error: Not Found for url: https://files.rcsb.org/download/9M5V.pdb
Failed to download 9G50: 404 Client Error: Not Found for url: https://files.rcsb.org/download/9G50.pdb
Failed to download 9PQE: 404 Client Error: Not Found for url: https://files.rcsb.org/download/9PQE.pdb
Failed to download 9PW8: 404 Client Error: Not Found for url: https://files.rcsb.org/download/9PW8.pdb
Failed to download 9PXO: 404 Client Error: Not Found for url: https://files.rcsb.org/download/9PXO.pdb
Failed to download 9PXP: 404 Client Error: Not Found for url: https://files.rcsb.org/download/9PXP.pdb
Failed to download 9KDD: 404 Client Error: Not Found for url: https://files.rcsb.org/download/9KDD.pdb
Failed to download 9KDE: 404 Client Error: Not Found for url: https://files.rcsb.org/download/9KDE.pdb
Failed to download 7OM1: 404 Client Error: Not Found for url: https://files.rcsb.org/download/7OM1.pdb
Failed to download 7OMC: 404 Client Error: Not Found for url: https://files.rcsb.org/download/7OMC.pdb
Failed to download 7OLJ: 404 Client Error: Not Found for url: https://files.rcsb.org/download/7OLJ.pdb
Failed to download 7R5X: 404 Client Error: Not Found for url: https://files.rcsb.org/download/7R5X.pdb
Failed to download 8S60: 404 Client Error: Not Found for url: https://files.rcsb.org/download/8S60.pdb
Failed to download 7OJO: 404 Client Error: Not Found for url: https://files.rcsb.org/download/7OJO.pdb
Failed to download 9PQ9: 404 Client Error: Not Found for url: https://files.rcsb.org/download/9PQ9.pdb
Failed to download 9PQA: 404 Client Error: Not Found for url: https://files.rcsb.org/download/9PQA.pdb
Failed to download 9PWJ: 404 Client Error: Not Found for url: https://files.rcsb.org/download/9PWJ.pdb
Failed to download 9KDC: 404 Client Error: Not Found for url: https://files.rcsb.org/download/9KDC.pdb
Failed to download 9U5C: 404 Client Error: Not Found for url: https://files.rcsb.org/download/9U5C.pdb
Failed to download 7OZT: 404 Client Error: Not Found for url: https://files.rcsb.org/download/7OZT.pdb
Failed to download 7POX: 404 Client Error: Not Found for url: https://files.rcsb.org/download/7POX.pdb
Failed to download 6TKN: 404 Client Error: Not Found for url: https://files.rcsb.org/download/6TKN.pdb
Failed to download 6TKP: 404 Client Error: Not Found for url: https://files.rcsb.org/download/6TKP.pdb
Failed to download 6TKS: 404 Client Error: Not Found for url: https://files.rcsb.org/download/6TKS.pdb
Failed to download 6TG4: 404 Client Error: Not Found for url: https://files.rcsb.org/download/6TG4.pdb
Failed to download 6TKM: 404 Client Error: Not Found for url: https://files.rcsb.org/download/6TKM.pdb
Failed to download 6TKQ: 404 Client Error: Not Found for url: https://files.rcsb.org/download/6TKQ.pdb
Failed to download 6TKR: 404 Client Error: Not Found for url: https://files.rcsb.org/download/6TKR.pdb
Failed to download 9OGE: 404 Client Error: Not Found for url: https://files.rcsb.org/download/9OGE.pdb
Failed to download 9OGF: 404 Client Error: Not Found for url: https://files.rcsb.org/download/9OGF.pdb
Failed to download 9MOE: 404 Client Error: Not Found for url: https://files.rcsb.org/download/9MOE.pdb
Failed to download 9KDB: 404 Client Error: Not Found for url: https://files.rcsb.org/download/9KDB.pdb
Failed to download 8W23: 404 Client Error: Not Found for url: https://files.rcsb.org/download/8W23.pdb
Failed to download 8W25: 404 Client Error: Not Found for url: https://files.rcsb.org/download/8W25.pdb
Failed to download 9YA0: 404 Client Error: Not Found for url: https://files.rcsb.org/download/9YA0.pdb
Failed to download 7B6W: 404 Client Error: Not Found for url: https://files.rcsb.org/download/7B6W.pdb
Failed to download 9U6A: 404 Client Error: Not Found for url: https://files.rcsb.org/download/9U6A.pdb
Failed to download 9INW: 404 Client Error: Not Found for url: https://files.rcsb.org/download/9INW.pdb
Failed to download 9INX: 404 Client Error: Not Found for url: https://files.rcsb.org/download/9INX.pdb
Failed to download 9DUB: 404 Client Error: Not Found for url: https://files.rcsb.org/download/9DUB.pdb
Failed to download 9MIU: 404 Client Error: Not Found for url: https://files.rcsb.org/download/9MIU.pdb
Failed to download 9N1T: 404 Client Error: Not Found for url: https://files.rcsb.org/download/9N1T.pdb
Failed to download 9N2M: 404 Client Error: Not Found for url: https://files.rcsb.org/download/9N2M.pdb
Failed to download 9N2O: 404 Client Error: Not Found for url: https://files.rcsb.org/download/9N2O.pdb
Failed to download 9DUE: 404 Client Error: Not Found for url: https://files.rcsb.org/download/9DUE.pdb
Failed to download 8CXG: 404 Client Error: Not Found for url: https://files.rcsb.org/download/8CXG.pdb
Failed to download 8CXH: 404 Client Error: Not Found for url: https://files.rcsb.org/download/8CXH.pdb
Failed to download 8Z7C: 404 Client Error: Not Found for url: https://files.rcsb.org/download/8Z7C.pdb
Failed to download 8Z7D: 404 Client Error: Not Found for url: https://files.rcsb.org/download/8Z7D.pdb
Failed to download 8Z7E: 404 Client Error: Not Found for url: https://files.rcsb.org/download/8Z7E.pdb
Failed to download 9KLB: 404 Client Error: Not Found for url: https://files.rcsb.org/download/9KLB.pdb
Failed to download 9KLC: 404 Client Error: Not Found for url: https://files.rcsb.org/download/9KLC.pdb
Failed to download 9ISG: 404 Client Error: Not Found for url: https://files.rcsb.org/download/9ISG.pdb
Failed to download 8VV8: 404 Client Error: Not Found for url: https://files.rcsb.org/download/8VV8.pdb
Failed to download 9F8G: 404 Client Error: Not Found for url: https://files.rcsb.org/download/9F8G.pdb
Failed to download 9C61: 404 Client Error: Not Found for url: https://files.rcsb.org/download/9C61.pdb
Failed to download 9HD2: 404 Client Error: Not Found for url: https://files.rcsb.org/download/9HD2.pdb
Failed to download 9HCV: 404 Client Error: Not Found for url: https://files.rcsb.org/download/9HCV.pdb
Failed to download 9HCW: 404 Client Error: Not Found for url: https://files.rcsb.org/download/9HCW.pdb
Failed to download 9HD3: 404 Client Error: Not Found for url: https://files.rcsb.org/download/9HD3.pdb
Failed to download 9HFF: 404 Client Error: Not Found for url: https://files.rcsb.org/download/9HFF.pdb
Failed to download 9HFG: 404 Client Error: Not Found for url: https://files.rcsb.org/download/9HFG.pdb
Failed to download 9HFI: 404 Client Error: Not Found for url: https://files.rcsb.org/download/9HFI.pdb
Failed to download 9HF4: 404 Client Error: Not Found for url: https://files.rcsb.org/download/9HF4.pdb
Failed to download 9HFH: 404 Client Error: Not Found for url: https://files.rcsb.org/download/9HFH.pdb
Failed to download 9FSN: 404 Client Error: Not Found for url: https://files.rcsb.org/download/9FSN.pdb
Failed to download 9I4H: 404 Client Error: Not Found for url: https://files.rcsb.org/download/9I4H.pdb
Failed to download 9IIF: 404 Client Error: Not Found for url: https://files.rcsb.org/download/9IIF.pdb
Failed to download 9JTX: 404 Client Error: Not Found for url: https://files.rcsb.org/download/9JTX.pdb
Failed to download 9D5G: 404 Client Error: Not Found for url: https://files.rcsb.org/download/9D5G.pdb
Failed to download 9IJJ: 404 Client Error: Not Found for url: https://files.rcsb.org/download/9IJJ.pdb
Failed to download 6YVR: 404 Client Error: Not Found for url: https://files.rcsb.org/download/6YVR.pdb
Failed to download 9W4M: 404 Client Error: Not Found for url: https://files.rcsb.org/download/9W4M.pdb
Failed to download 9W4T: 404 Client Error: Not Found for url: https://files.rcsb.org/download/9W4T.pdb
Failed to download 9J48: 404 Client Error: Not Found for url: https://files.rcsb.org/download/9J48.pdb
Failed to download 9GFO: 404 Client Error: Not Found for url: https://files.rcsb.org/download/9GFO.pdb
Failed to download 5VHH: 404 Client Error: Not Found for url: https://files.rcsb.org/download/5VHH.pdb
Failed to download 5VHI: 404 Client Error: Not Found for url: https://files.rcsb.org/download/5VHI.pdb
Failed to download 5VHF: 404 Client Error: Not Found for url: https://files.rcsb.org/download/5VHF.pdb
Failed to download 9R8B: 404 Client Error: Not Found for url: https://files.rcsb.org/download/9R8B.pdb
Failed to download 8WQF: 404 Client Error: Not Found for url: https://files.rcsb.org/download/8WQF.pdb
Failed to download 9E5C: 404 Client Error: Not Found for url: https://files.rcsb.org/download/9E5C.pdb
Failed to download 7XN6: 404 Client Error: Not Found for url: https://files.rcsb.org/download/7XN6.pdb
Failed to download 8GLV: 404 Client Error: Not Found for url: https://files.rcsb.org/download/8GLV.pdb
Failed to download 8Q0N: 404 Client Error: Not Found for url: https://files.rcsb.org/download/8Q0N.pdb
Failed to download 9C76: 404 Client Error: Not Found for url: https://files.rcsb.org/download/9C76.pdb
Failed to download 9DMI: 404 Client Error: Not Found for url: https://files.rcsb.org/download/9DMI.pdb
Failed to download 6Z4V: 404 Client Error: Not Found for url: https://files.rcsb.org/download/6Z4V.pdb
Failed to download 6Z4Q: 404 Client Error: Not Found for url: https://files.rcsb.org/download/6Z4Q.pdb
Failed to download 6Z8N: 404 Client Error: Not Found for url: https://files.rcsb.org/download/6Z8N.pdb
Failed to download 6ZIN: 404 Client Error: Not Found for url: https://files.rcsb.org/download/6ZIN.pdb
Failed to download 6Z4S: 404 Client Error: Not Found for url: https://files.rcsb.org/download/6Z4S.pdb
Failed to download 6Z66: 404 Client Error: Not Found for url: https://files.rcsb.org/download/6Z66.pdb
Failed to download 9FQR: 404 Client Error: Not Found for url: https://files.rcsb.org/download/9FQR.pdb
Failed to download 6ZA8: 404 Client Error: Not Found for url: https://files.rcsb.org/download/6ZA8.pdb
Failed to download 8Q6T: 404 Client Error: Not Found for url: https://files.rcsb.org/download/8Q6T.pdb
Failed to download 6R86: 404 Client Error: Not Found for url: https://files.rcsb.org/download/6R86.pdb
Failed to download 6R87: 404 Client Error: Not Found for url: https://files.rcsb.org/download/6R87.pdb
Failed to download 6R84: 404 Client Error: Not Found for url: https://files.rcsb.org/download/6R84.pdb
Failed to download 6OLE: 404 Client Error: Not Found for url: https://files.rcsb.org/download/6OLE.pdb
Failed to download 6OLF: 404 Client Error: Not Found for url: https://files.rcsb.org/download/6OLF.pdb
Failed to download 6OLG: 404 Client Error: Not Found for url: https://files.rcsb.org/download/6OLG.pdb
